<beans xmlns="http://www.springframework.org/schema/beans"
	xmlns:p="http://www.springframework.org/schema/p" 
	xmlns:xsi="http://www.w3.org/2001/XMLSchema-instance"
	xmlns:context="http://www.springframework.org/schema/context"
	xmlns:mvc="http://www.springframework.org/schema/mvc" 
	xmlns:aop="http://www.springframework.org/schema/aop"
	xmlns:tx="http://www.springframework.org/schema/tx"
	xmlns:mockito="http://www.mockito.org/spring/mockito"
	xsi:schemaLocation="http://www.springframework.org/schema/beans
 	http://www.springframework.org/schema/beans/spring-beans-4.0.xsd
    http://www.springframework.org/schema/aop http://www.springframework.org/schema/aop/spring-aop-3.2.xsd
 	http://www.springframework.org/schema/context
	http://www.springframework.org/schema/context/spring-context-4.0.xsd
	http://www.springframework.org/schema/mvc
	http://www.springframework.org/schema/mvc/spring-mvc-4.0.xsd          
	http://www.springframework.org/schema/tx
    http://www.springframework.org/schema/tx/spring-tx-4.2.xsd
    http://www.mockito.org/spring/mockito 
    http://www.mockito.org/spring/mockito.xsd">
    <bean id="userService" class="org.mockito.Mockito" factory-method="mock">
    	<constructor-arg value="com.lesbonne.user.UserService"/>
	</bean>
	<bean id="relatedImagesService" class="org.mockito.Mockito" factory-method="mock">
    	<constructor-arg value="com.lesbonne.images.RelatedImagesService"/>
	</bean>
	<bean id="sharingPostService" class="org.mockito.Mockito" factory-method="mock">
    	<constructor-arg value="com.lesbonne.sharingpost.SharingPostService"/>
	</bean>
	<bean id="askingPostService" class="org.mockito.Mockito" factory-method="mock">
    	<constructor-arg value="com.lesbonne.askingpost.AskingPostService"/>
	</bean>
	<bean id="postCommentService" class="org.mockito.Mockito" factory-method="mock">
    	<constructor-arg value="com.lesbonne.postcomment.PostCommentService"/>
	</bean>
</beans>